<?xml version="1.0" encoding="UTF-8"?>
<testng-results ignored="0" total="0" passed="0" failed="0" skipped="0">
  <reporter-output>
  </reporter-output>
  <suite started-at="2019-12-13T19:23:12Z" name="com.sd.dfc.data.DatabaseTest" finished-at="2019-12-13T19:23:12Z" duration-ms="8">
    <groups>
    </groups>
    <test started-at="2019-12-13T19:23:12Z" name="Command line test" finished-at="2019-12-13T19:23:12Z" duration-ms="8">
    </test> <!-- Command line test -->
  </suite> <!-- com.sd.dfc.data.DatabaseTest -->
</testng-results>
